<?xml version="1.0" encoding="UTF-8"?>
<!-- Generated by org.testng.reporters.JUnitReportReporter -->
<testsuite hostname="Bharath" failures="0" tests="2" name="com.creatio.crm.application.tests.ApplicationTest" time="87.574" errors="0" timestamp="2025-04-04T00:37:18 IST" skipped="0">
  <testcase classname="com.creatio.crm.application.tests.ApplicationTest" name="verifyCookiesPopUpSwitchButtons" time="6.556"/>
  <system-out/>
  <testcase classname="com.creatio.crm.application.tests.ApplicationTest" name="verifySignUpForNewUserAccount" time="81.018"/>
  <system-out/>
</testsuite> <!-- com.creatio.crm.application.tests.ApplicationTest -->
